<?xml version="1.0" encoding="UTF-8"?>
<!-- Generated by org.testng.reporters.JUnitReportReporter -->
<testsuite hostname="LTIN461581" failures="0" tests="3" name="testRunner.TestRunner" time="149.849" errors="0" timestamp="2025-09-24T10:19:00 IST" skipped="0">
  <testcase classname="testRunner.TestRunner" name="runScenario" time="66.556"/>
  <testcase classname="testRunner.TestRunner" name="runScenario" time="30.916"/>
  <testcase classname="testRunner.TestRunner" name="runScenario" time="52.377"/>
</testsuite> <!-- testRunner.TestRunner -->
